<?xml version="1.0" encoding="utf-8"?><testsuites name="pytest tests"><testsuite name="pytest" errors="0" failures="0" skipped="0" tests="12" time="1.722" timestamp="2026-06-19T19:32:49.891950+00:00" hostname="agent-env-3239bef1-076d-4d19-ba48-b6a793d949db"><testcase classname="backend.tests.test_zebralab_api" name="test_root" time="0.287" /><testcase classname="backend.tests.test_zebralab_api" name="test_zpl_generate_structure" time="0.043" /><testcase classname="backend.tests.test_zebralab_api" name="test_zpl_generate_precio_substitution" time="0.043" /><testcase classname="backend.tests.test_zebralab_api" name="test_zpl_export_returns_prn" time="0.045" /><testcase classname="backend.tests.test_zebralab_api" name="test_zpl_preview_returns_png" time="0.162" /><testcase classname="backend.tests.test_zebralab_api" name="test_template_create_and_get" time="0.149" /><testcase classname="backend.tests.test_zebralab_api" name="test_template_list" time="0.130" /><testcase classname="backend.tests.test_zebralab_api" name="test_template_update" time="0.172" /><testcase classname="backend.tests.test_zebralab_api" name="test_template_duplicate" time="0.170" /><testcase classname="backend.tests.test_zebralab_api" name="test_template_delete" time="0.141" /><testcase classname="backend.tests.test_zebralab_api" name="test_batch_parse_csv" time="0.147" /><testcase classname="backend.tests.test_zebralab_api" name="test_batch_generate_quantity_header" time="0.156" /></testsuite></testsuites>